<?xml version="1.0" encoding="UTF-8"?>
<!-- Generated by org.testng.reporters.JUnitReportReporter -->
<testsuite hostname="Fred-1030-G4" failures="0" tests="1" name="FredAutomation.ChromeOps" time="5.603" errors="0" timestamp="2022-12-15T08:42:37 WAT" skipped="0">
  <testcase classname="FredAutomation.ChromeOps" name="chromeOps" time="5.603"/>
  <system-out/>
</testsuite> <!-- FredAutomation.ChromeOps -->
