<?xml version="1.0" encoding="UTF-8"?>
<!-- Generated by org.testng.reporters.JUnitReportReporter -->
<testsuite hostname="ABP-HQ2--QA100" failures="0" tests="1" name="FredAutomation.CalendarPractice" time="17.851" errors="0" timestamp="2022-07-30T03:09:49 WAT" skipped="0">
  <testcase classname="FredAutomation.CalendarPractice" name="calendarPractice" time="17.851"/>
  <system-out/>
</testsuite> <!-- FredAutomation.CalendarPractice -->
