<?xml version="1.0" encoding="UTF-8"?>
<!-- Generated by org.testng.reporters.JUnitReportReporter -->
<testsuite hostname="ABP-HQ2--QA100" failures="0" tests="1" name="FredAutomation.FilterTable" time="5.366" errors="0" timestamp="2022-07-30T03:15:56 WAT" skipped="0">
  <testcase classname="FredAutomation.FilterTable" name="filterTable" time="5.366"/>
  <system-out/>
</testsuite> <!-- FredAutomation.FilterTable -->
