<?xml version="1.0" encoding="UTF-8"?>
<!-- Generated by org.testng.reporters.JUnitReportReporter -->
<testsuite hostname="ABP-HQ2--QA100" failures="0" tests="1" name="FredAutomation.JavaScriptPractice" time="11.188" errors="0" timestamp="2022-07-30T03:18:06 WAT" skipped="0">
  <testcase classname="FredAutomation.JavaScriptPractice" name="jsPractice" time="11.188"/>
  <system-out/>
</testsuite> <!-- FredAutomation.JavaScriptPractice -->
