<?xml version="1.0" encoding="UTF-8"?>
<!-- Generated by org.testng.reporters.JUnitReportReporter -->
<testsuite hostname="Fred-1030-G4" failures="0" tests="1" name="FredAutomation.FilterTable" time="9.841" errors="0" timestamp="2022-12-15T08:41:50 WAT" skipped="0">
  <testcase classname="FredAutomation.FilterTable" name="filterTable" time="9.841"/>
  <system-out/>
</testsuite> <!-- FredAutomation.FilterTable -->
