<?xml version="1.0" encoding="UTF-8"?>
<!-- Generated by org.testng.reporters.JUnitReportReporter -->
<testsuite hostname="ABP-HQ2--QA100" failures="0" tests="1" name="FredAutomation.ChromeOps" time="4.415" errors="0" timestamp="2022-07-30T03:12:54 WAT" skipped="0">
  <testcase classname="FredAutomation.ChromeOps" name="chromeOps" time="4.415"/>
  <system-out/>
</testsuite> <!-- FredAutomation.ChromeOps -->
