<?xml version="1.0" encoding="UTF-8"?>
<!-- Generated by org.testng.reporters.JUnitReportReporter -->
<testsuite hostname="ABP-HQ2--QA100" failures="0" tests="2" name="FredAutomation.NewTab" time="187.070" errors="0" timestamp="2022-08-04T20:34:08 WAT" skipped="0">
  <testcase classname="FredAutomation.NewTab" name="newTab" time="120.953"/>
  <system-out/>
  <testcase classname="FredAutomation.NewTab" name="qaClick" time="66.117"/>
  <system-out/>
</testsuite> <!-- FredAutomation.NewTab -->
