<?xml version="1.0" encoding="UTF-8"?>
<!-- Generated by org.testng.reporters.JUnitReportReporter -->
<testsuite hostname="ABP-HQ2--QA100" failures="0" tests="1" name="FredAutomation.SortedTable" time="90.098" errors="0" timestamp="2022-08-04T20:34:08 WAT" skipped="0">
  <testcase classname="FredAutomation.SortedTable" name="sortedTables" time="90.098"/>
  <system-out/>
</testsuite> <!-- FredAutomation.SortedTable -->
