<?xml version="1.0" encoding="UTF-8"?>
<!-- Generated by org.testng.reporters.JUnitReportReporter -->
<testsuite hostname="Fred-1030-G4" failures="0" tests="1" name="FredAutomation.RelativeLoc" time="8.881" errors="0" timestamp="2022-12-15T09:06:37 WAT" skipped="0">
  <testcase classname="FredAutomation.RelativeLoc" name="relativeLoc" time="8.881"/>
  <system-out/>
</testsuite> <!-- FredAutomation.RelativeLoc -->
