<?xml version="1.0" encoding="UTF-8"?>
<!-- Generated by org.testng.reporters.JUnitReportReporter -->
<testsuite hostname="Fred-1030-G4" failures="0" tests="1" name="FredAutomation.FilterTable" time="6.591" errors="0" timestamp="2022-12-15T09:06:37 WAT" skipped="0">
  <testcase classname="FredAutomation.FilterTable" name="filterTable" time="6.591"/>
  <system-out/>
</testsuite> <!-- FredAutomation.FilterTable -->
