<?xml version="1.0" encoding="UTF-8"?>
<!-- Generated by org.testng.reporters.JUnitReportReporter -->
<testsuite hostname="Fred-1030-G4" failures="0" tests="2" name="FredAutomation.NewTab" time="52.317" errors="0" timestamp="2022-12-15T09:06:37 WAT" skipped="0">
  <testcase classname="FredAutomation.NewTab" name="qaClick" time="23.888"/>
  <system-out/>
  <testcase classname="FredAutomation.NewTab" name="newTab" time="28.429"/>
  <system-out/>
</testsuite> <!-- FredAutomation.NewTab -->
