<?xml version="1.0" encoding="UTF-8"?>
<!-- Generated by org.testng.reporters.JUnitReportReporter -->
<testsuite hostname="ABP-HQ2--QA100" failures="0" tests="1" name="FredAutomation.StreamsJ" time="0.024" errors="0" timestamp="2022-08-04T20:34:08 WAT" skipped="0">
  <testcase classname="FredAutomation.StreamsJ" name="streamsJ" time="0.024"/>
  <system-out/>
</testsuite> <!-- FredAutomation.StreamsJ -->
