<?xml version="1.0" encoding="UTF-8"?>
<!-- Generated by org.testng.reporters.JUnitReportReporter -->
<testsuite hostname="ABP-HQ2--QA100" failures="0" tests="1" name="FredAutomation.AutomationPractice" time="164.103" errors="0" timestamp="2022-08-04T20:34:08 WAT" skipped="0">
  <testcase classname="FredAutomation.AutomationPractice" name="automationPractice" time="164.103"/>
  <system-out/>
</testsuite> <!-- FredAutomation.AutomationPractice -->
