<?xml version="1.0" encoding="UTF-8"?>
<!-- Generated by org.testng.reporters.JUnitReportReporter -->
<testsuite hostname="ABP-HQ2--QA100" failures="0" tests="1" name="FredAutomation.StreamsJ" time="0.011" errors="0" timestamp="2022-07-30T03:44:23 WAT" skipped="0">
  <testcase classname="FredAutomation.StreamsJ" name="streamsJ" time="0.011"/>
  <system-out/>
</testsuite> <!-- FredAutomation.StreamsJ -->
