<?xml version="1.0" encoding="UTF-8"?>
<!-- Generated by org.testng.reporters.JUnitReportReporter -->
<testsuite hostname="ABP-HQ2--QA100" failures="0" tests="2" name="FredAutomation.NewTab" time="57.163" errors="0" timestamp="2022-07-30T03:44:23 WAT" skipped="0">
  <testcase classname="FredAutomation.NewTab" name="qaClick" time="28.295"/>
  <system-out/>
  <testcase classname="FredAutomation.NewTab" name="newTab" time="28.868"/>
  <system-out/>
</testsuite> <!-- FredAutomation.NewTab -->
